#
# There is insufficient memory for the Java Runtime Environment to continue.
# Native memory allocation (mmap) failed to map 100663296 bytes for Failed to commit area from 0x00000000a1400000 to 0x00000000a7400000 of length 100663296.
# Possible reasons:
#   The system is out of physical RAM or swap space
#   The process is running with CompressedOops enabled, and the Java Heap may be blocking the growth of the native heap
# Possible solutions:
#   Reduce memory load on the system
#   Increase physical memory or swap space
#   Check if swap backing store is full
#   Decrease Java heap size (-Xmx/-Xms)
#   Decrease number of Java threads
#   Decrease Java thread stack sizes (-Xss)
#   Set larger code cache with -XX:ReservedCodeCacheSize=
# This output file may be truncated or incomplete.
#
#  Out of Memory Error (./src/hotspot/os/windows/os_windows.cpp:3624), pid=8324, tid=13140
#
# JRE version:  (11.0.14.1+1) (build )
# Java VM: OpenJDK 64-Bit Server VM (11.0.14.1+1-b1751.46, mixed mode, sharing, tiered, compressed oops, g1 gc, windows-amd64)
# No core dump will be written. Minidumps are not enabled by default on client versions of Windows
#

---------------  S U M M A R Y ------------

Command Line: git4idea.http.GitAskPassApp Username for 'https://github.com': 

Host: Intel(R) Core(TM) i5-5200U CPU @ 2.20GHz, 4 cores, 5G,  Windows 10 , 64 bit Build 19041 (10.0.19041.1741)
Time: Mon Jun 20 22:54:35 2022 India Standard Time elapsed time: 0.125374 seconds (0d 0h 0m 0s)

---------------  T H R E A D  ---------------

Current thread (0x0000026b4f30c800):  JavaThread "Unknown thread" [_thread_in_vm, id=13140, stack(0x000000973fb00000,0x000000973fc00000)]

Stack: [0x000000973fb00000,0x000000973fc00000]
Native frames: (J=compiled Java code, j=interpreted, Vv=VM code, C=native code)
V  [jvm.dll+0x61601a]
V  [jvm.dll+0x79c3b0]
V  [jvm.dll+0x79d9cd]
V  [jvm.dll+0x79e0a3]
V  [jvm.dll+0x24ca38]
V  [jvm.dll+0x613074]
V  [jvm.dll+0x607d75]
V  [jvm.dll+0x30b05b]
V  [jvm.dll+0x30afca]
V  [jvm.dll+0x30aea2]
V  [jvm.dll+0x30fde6]
V  [jvm.dll+0x35b473]
V  [jvm.dll+0x35bb76]
V  [jvm.dll+0x35b573]
V  [jvm.dll+0x2e57b8]
V  [jvm.dll+0x2e6967]
V  [jvm.dll+0x779377]
V  [jvm.dll+0x77ab6c]
V  [jvm.dll+0x368a19]
V  [jvm.dll+0x75ce8e]
V  [jvm.dll+0x3d6aa3]
V  [jvm.dll+0x3d8ff1]
C  [jli.dll+0x536b]
C  [ucrtbase.dll+0x21bb2]
C  [KERNEL32.DLL+0x17034]
C  [ntdll.dll+0x52651]


---------------  P R O C E S S  ---------------

Threads class SMR info:
_java_thread_list=0x0000026b4d9fffb0, length=0, elements={
}

Java Threads: ( => current thread )

Other Threads:
  0x0000026b4f324000 GCTaskThread "GC Thread#0" [stack: 0x000000973fc00000,0x000000973fd00000] [id=9112]
  0x0000026b4f34a800 ConcurrentGCThread "G1 Main Marker" [stack: 0x000000973fd00000,0x000000973fe00000] [id=4304]
  0x0000026b4f34c000 ConcurrentGCThread "G1 Conc#0" [stack: 0x000000973fe00000,0x000000973ff00000] [id=9264]

[error occurred during error reporting (printing all threads), id 0xc0000005, EXCEPTION_ACCESS_VIOLATION (0xc0000005) at pc=0x00007ff8acda5f37]

VM state:not at safepoint (not fully initialized)

VM Mutex/Monitor currently owned by a thread:  ([mutex/lock_event])
[0x0000026b4f308510] Heap_lock - owner thread: 0x0000026b4f30c800

Heap address: 0x00000000a1400000, size: 1516 MB, Compressed Oops mode: Non-zero based: 0x00000000a1400000
Narrow klass base: 0x0000000000000000, Narrow klass shift: 0

GC Heap History (0 events):
No events

Deoptimization events (0 events):
No events

Classes redefined (0 events):
No events

Internal exceptions (0 events):
No events

Events (1 events):
Event: 0.039 Loaded shared library C:\Program Files\JetBrains\IntelliJ IDEA Community Edition 2021.3.3\jbr\bin\zip.dll


Dynamic libraries:
0x00007ff6e1e90000 - 0x00007ff6e1e9a000 	C:\Program Files\JetBrains\IntelliJ IDEA Community Edition 2021.3.3\jbr\bin\java.exe
0x00007ff8d7690000 - 0x00007ff8d7887000 	C:\WINDOWS\SYSTEM32\ntdll.dll
0x00007ff8d5b90000 - 0x00007ff8d5c4d000 	C:\WINDOWS\System32\KERNEL32.DLL
0x00007ff8d4fa0000 - 0x00007ff8d526d000 	C:\WINDOWS\System32\KERNELBASE.dll
0x00007ff8d5530000 - 0x00007ff8d5630000 	C:\WINDOWS\System32\ucrtbase.dll
0x00007ff8c8570000 - 0x00007ff8c8586000 	C:\Program Files\JetBrains\IntelliJ IDEA Community Edition 2021.3.3\jbr\bin\VCRUNTIME140.dll
0x00007ff8bef50000 - 0x00007ff8bef69000 	C:\Program Files\JetBrains\IntelliJ IDEA Community Edition 2021.3.3\jbr\bin\jli.dll
0x00007ff8d5750000 - 0x00007ff8d58f0000 	C:\WINDOWS\System32\USER32.dll
0x00007ff8d4f70000 - 0x00007ff8d4f92000 	C:\WINDOWS\System32\win32u.dll
0x00007ff8d6950000 - 0x00007ff8d697a000 	C:\WINDOWS\System32\GDI32.dll
0x00007ff8d52f0000 - 0x00007ff8d53fb000 	C:\WINDOWS\System32\gdi32full.dll
0x00007ff8d5400000 - 0x00007ff8d549d000 	C:\WINDOWS\System32\msvcp_win.dll
0x00007ff8c0580000 - 0x00007ff8c081a000 	C:\WINDOWS\WinSxS\amd64_microsoft.windows.common-controls_6595b64144ccf1df_6.0.19041.1110_none_60b5254171f9507e\COMCTL32.dll
0x00007ff8d6e60000 - 0x00007ff8d6efe000 	C:\WINDOWS\System32\msvcrt.dll
0x00007ff8d5b40000 - 0x00007ff8d5b70000 	C:\WINDOWS\System32\IMM32.DLL
0x00007ff8b2070000 - 0x00007ff8b211a000 	C:\Program Files\JetBrains\IntelliJ IDEA Community Edition 2021.3.3\jbr\bin\msvcp140.dll
0x00007ff8acab0000 - 0x00007ff8ad62a000 	C:\Program Files\JetBrains\IntelliJ IDEA Community Edition 2021.3.3\jbr\bin\server\jvm.dll
0x00007ff8d6da0000 - 0x00007ff8d6e4e000 	C:\WINDOWS\System32\ADVAPI32.dll
0x00007ff8d6c00000 - 0x00007ff8d6c9c000 	C:\WINDOWS\System32\sechost.dll
0x00007ff8d5a10000 - 0x00007ff8d5b35000 	C:\WINDOWS\System32\RPCRT4.dll
0x00007ff8d6bf0000 - 0x00007ff8d6bf8000 	C:\WINDOWS\System32\PSAPI.DLL
0x00007ff8d01f0000 - 0x00007ff8d01f9000 	C:\WINDOWS\SYSTEM32\WSOCK32.dll
0x00007ff8c5670000 - 0x00007ff8c5697000 	C:\WINDOWS\SYSTEM32\WINMM.dll
0x00007ff8d6ca0000 - 0x00007ff8d6d0b000 	C:\WINDOWS\System32\WS2_32.dll
0x00007ff8ca010000 - 0x00007ff8ca01a000 	C:\WINDOWS\SYSTEM32\VERSION.dll
0x00007ff8d2bf0000 - 0x00007ff8d2c02000 	C:\WINDOWS\SYSTEM32\kernel.appcore.dll
0x00007ff8c4470000 - 0x00007ff8c4481000 	C:\Program Files\JetBrains\IntelliJ IDEA Community Edition 2021.3.3\jbr\bin\verify.dll
0x00007ff8ce030000 - 0x00007ff8ce214000 	C:\WINDOWS\SYSTEM32\DBGHELP.DLL
0x00007ff8cdd70000 - 0x00007ff8cdd9c000 	C:\WINDOWS\SYSTEM32\dbgcore.DLL
0x00007ff8d54a0000 - 0x00007ff8d5522000 	C:\WINDOWS\System32\bcryptPrimitives.dll
0x00007ff8c4360000 - 0x00007ff8c4389000 	C:\Program Files\JetBrains\IntelliJ IDEA Community Edition 2021.3.3\jbr\bin\java.dll
0x00007ff8cf9f0000 - 0x00007ff8cf9fb000 	C:\Program Files\JetBrains\IntelliJ IDEA Community Edition 2021.3.3\jbr\bin\jimage.dll
0x00007ff8c4320000 - 0x00007ff8c4339000 	C:\Program Files\JetBrains\IntelliJ IDEA Community Edition 2021.3.3\jbr\bin\zip.dll

dbghelp: loaded successfully - version: 4.0.5 - missing functions: none
symbol engine: initialized successfully - sym options: 0x614 - pdb path: .;C:\Program Files\JetBrains\IntelliJ IDEA Community Edition 2021.3.3\jbr\bin;C:\WINDOWS\SYSTEM32;C:\WINDOWS\WinSxS\amd64_microsoft.windows.common-controls_6595b64144ccf1df_6.0.19041.1110_none_60b5254171f9507e;C:\Program Files\JetBrains\IntelliJ IDEA Community Edition 2021.3.3\jbr\bin\server

VM Arguments:
java_command: git4idea.http.GitAskPassApp Username for 'https://github.com': 
java_class_path (initial): C:/Program Files/JetBrains/IntelliJ IDEA Community Edition 2021.3.3/plugins/git4idea/lib/git4idea-rt.jar;C:/Program Files/JetBrains/IntelliJ IDEA Community Edition 2021.3.3/lib/3rd-party.jar;C:/Program Files/JetBrains/IntelliJ IDEA Community Edition 2021.3.3/lib/3rd-party-rt.jar
Launcher Type: SUN_STANDARD

[Global flags]
     intx CICompilerCount                          = 3                                         {product} {ergonomic}
     uint ConcGCThreads                            = 1                                         {product} {ergonomic}
     uint G1ConcRefinementThreads                  = 4                                         {product} {ergonomic}
   size_t G1HeapRegionSize                         = 1048576                                   {product} {ergonomic}
    uintx GCDrainStackTargetSize                   = 64                                        {product} {ergonomic}
   size_t InitialHeapSize                          = 100663296                                 {product} {ergonomic}
   size_t MarkStackSize                            = 4194304                                   {product} {ergonomic}
   size_t MaxHeapSize                              = 1589641216                                {product} {ergonomic}
   size_t MinHeapDeltaBytes                        = 1048576                                   {product} {ergonomic}
    uintx NonNMethodCodeHeapSize                   = 5830732                                {pd product} {ergonomic}
    uintx NonProfiledCodeHeapSize                  = 122913754                              {pd product} {ergonomic}
    uintx ProfiledCodeHeapSize                     = 122913754                              {pd product} {ergonomic}
    uintx ReservedCodeCacheSize                    = 251658240                              {pd product} {ergonomic}
     bool SegmentedCodeCache                       = true                                      {product} {ergonomic}
     bool UseCompressedClassPointers               = true                                 {lp64_product} {ergonomic}
     bool UseCompressedOops                        = true                                 {lp64_product} {ergonomic}
     bool UseG1GC                                  = true                                      {product} {ergonomic}
     bool UseLargePagesIndividualAllocation        = false                                  {pd product} {ergonomic}

Logging:
Log output configuration:
 #0: stdout all=warning uptime,level,tags
 #1: stderr all=off uptime,level,tags

Environment Variables:
PATH=C:\Program Files\Git\mingw64\libexec\git-core;C:\Program Files\Git\mingw64\libexec\git-core;C:\Program Files\Git\mingw64\bin;C:\Program Files\Git\usr\bin;C:\Users\Ega Naveen Reddy\bin;C:\WINDOWS\system32;C:\WINDOWS;C:\WINDOWS\System32\Wbem;C:\WINDOWS\System32\WindowsPowerShell\v1.0;E:\terraform_1.1.7_windows_386;C:\Program Files\Amazon\AWSCLIV2;E:\;C:\Program Files\Git\cmd;C:\WINDOWS\System32\OpenSSH;C:\minikube;C:\Users\Ega Naveen Reddy\AppData\Local\Microsoft\WindowsApps;E:\VS Code\bin
USERNAME=Ega Naveen Reddy
DISPLAY=:0.0
LC_ALL=en_US.UTF-8
OS=Windows_NT
PROCESSOR_IDENTIFIER=Intel64 Family 6 Model 61 Stepping 4, GenuineIntel



---------------  S Y S T E M  ---------------

OS: Windows 10 , 64 bit Build 19041 (10.0.19041.1741)
OS uptime: 2 days 12:17 hours
Hyper-V role detected

CPU:total 4 (initial active 4) (2 cores per cpu, 2 threads per core) family 6 model 61 stepping 4 microcode 0x2d, cmov, cx8, fxsr, mmx, sse, sse2, sse3, ssse3, sse4.1, sse4.2, popcnt, avx, avx2, aes, clmul, erms, 3dnowpref, lzcnt, ht, tsc, tscinvbit, bmi1, bmi2, adx, fma

Memory: 4k page, system-wide physical 6058M (812M free)
TotalPageFile size 7711M (AvailPageFile size 71M)
current process WorkingSet (physical memory assigned to process): 9M, peak: 9M
current process commit charge ("private bytes"): 51M, peak: 147M

vm_info: OpenJDK 64-Bit Server VM (11.0.14.1+1-b1751.46) for windows-amd64 JRE (11.0.14.1+1-b1751.46), built on Feb 21 2022 15:19:20 by "" with MS VC++ 14.0 (VS2015)

END.
